{"numFailedTestSuites":0,"numFailedTests":0,"numPassedTestSuites":22,"numPassedTests":357,"numPendingTestSuites":0,"numPendingTests":0,"numRuntimeErrorTestSuites":0,"numTodoTests":0,"numTotalTestSuites":22,"numTotalTests":357,"openHandles":[],"snapshot":{"added":0,"didUpdate":false,"failure":false,"filesAdded":0,"filesRemoved":0,"filesRemovedList":[],"filesUnmatched":0,"filesUpdated":0,"matched":0,"total":0,"unchecked":0,"uncheckedKeysByFile":[],"unmatched":0,"updated":0},"startTime":1773069248201,"success":true,"testResults":[{"assertionResults":[{"ancestorTitles":["MapScreen","Campus Tabs"],"duration":162,"failureDetails":[],"failureMessages":[],"fullName":"MapScreen Campus Tabs should render campus tabs","invocations":1,"location":null,"numPassingAsserts":2,"retryReasons":[],"status":"passed","title":"should render campus tabs"},{"ancestorTitles":["MapScreen","Campus Tabs"],"duration":10,"failureDetails":[],"failureMessages":[],"fullName":"MapScreen Campus Tabs should switch campus when tab is pressed","invocations":1,"location":null,"numPassingAsserts":2,"retryReasons":[],"status":"passed","title":"should switch campus when tab is pressed"},{"ancestorTitles":["MapScreen","Campus Tabs"],"duration":12,"failureDetails":[],"failureMessages":[],"fullName":"MapScreen Campus Tabs should keep route selection when switching campus","invocations":1,"location":null,"numPassingAsserts":1,"retryReasons":[],"status":"passed","title":"should keep route selection when switching campus"},{"ancestorTitles":["MapScreen","Location Status"],"duration":5,"failureDetails":[],"failureMessages":[],"fullName":"MapScreen Location Status should display location message when watching","invocations":1,"location":null,"numPassingAsserts":1,"retryReasons":[],"status":"passed","title":"should display location message when watching"},{"ancestorTitles":["MapScreen","Location Status"],"duration":5,"failureDetails":[],"failureMessages":[],"fullName":"MapScreen Location Status should detect when user is inside a polygon building","invocations":1,"location":null,"numPassingAsserts":1,"retryReasons":[],"status":"passed","title":"should detect when user is inside a polygon building"},{"ancestorTitles":["MapScreen","Location Status"],"duration":4,"failureDetails":[],"failureMessages":[],"fullName":"MapScreen Location Status should display error message when location is denied","invocations":1,"location":null,"numPassingAsserts":1,"retryReasons":[],"status":"passed","title":"should display error message when location is denied"},{"ancestorTitles":["MapScreen","Location Status"],"duration":5,"failureDetails":[],"failureMessages":[],"fullName":"MapScreen Location Status should display error message when location is unavailable","invocations":1,"location":null,"numPassingAsserts":1,"retryReasons":[],"status":"passed","title":"should display error message when location is unavailable"},{"ancestorTitles":["MapScreen","Location Status"],"duration":7,"failureDetails":[],"failureMessages":[],"fullName":"MapScreen Location Status should display error message when location has error","invocations":1,"location":null,"numPassingAsserts":1,"retryReasons":[],"status":"passed","title":"should display error message when location has error"},{"ancestorTitles":["MapScreen","Location Status"],"duration":6,"failureDetails":[],"failureMessages":[],"fullName":"MapScreen Location Status should show finding location message when coords are null","invocations":1,"location":null,"numPassingAsserts":1,"retryReasons":[],"status":"passed","title":"should show finding location message when coords are null"},{"ancestorTitles":["MapScreen","Search Functionality"],"duration":7,"failureDetails":[],"failureMessages":[],"fullName":"MapScreen Search Functionality should update origin query on text input","invocations":1,"location":null,"numPassingAsserts":1,"retryReasons":[],"status":"passed","title":"should update origin query on text input"},{"ancestorTitles":["MapScreen","Search Functionality"],"duration":7,"failureDetails":[],"failureMessages":[],"fullName":"MapScreen Search Functionality should update destination query on text input","invocations":1,"location":null,"numPassingAsserts":1,"retryReasons":[],"status":"passed","title":"should update destination query on text input"},{"ancestorTitles":["MapScreen","Search Functionality"],"duration":9,"failureDetails":[],"failureMessages":[],"fullName":"MapScreen Search Functionality should show suggestions when typing in origin","invocations":1,"location":null,"numPassingAsserts":1,"retryReasons":[],"status":"passed","title":"should show suggestions when typing in origin"},{"ancestorTitles":["MapScreen","Search Functionality"],"duration":7,"failureDetails":[],"failureMessages":[],"fullName":"MapScreen Search Functionality should show suggestions when typing in destination","invocations":1,"location":null,"numPassingAsserts":1,"retryReasons":[],"status":"passed","title":"should show suggestions when typing in destination"},{"ancestorTitles":["MapScreen","Search Functionality"],"duration":10,"failureDetails":[],"failureMessages":[],"fullName":"MapScreen Search Functionality should select origin from suggestions","invocations":1,"location":null,"numPassingAsserts":1,"retryReasons":[],"status":"passed","title":"should select origin from suggestions"},{"ancestorTitles":["MapScreen","Search Functionality"],"duration":10,"failureDetails":[],"failureMessages":[],"fullName":"MapScreen Search Functionality should select destination from suggestions","invocations":1,"location":null,"numPassingAsserts":1,"retryReasons":[],"status":"passed","title":"should select destination from suggestions"},{"ancestorTitles":["MapScreen","Search Functionality"],"duration":5,"failureDetails":[],"failureMessages":[],"fullName":"MapScreen Search Functionality should not show suggestions when query is empty","invocations":1,"location":null,"numPassingAsserts":1,"retryReasons":[],"status":"passed","title":"should not show suggestions when query is empty"},{"ancestorTitles":["MapScreen","Search Functionality"],"duration":12,"failureDetails":[],"failureMessages":[],"fullName":"MapScreen Search Functionality should clear origin query when text is cleared","invocations":1,"location":null,"numPassingAsserts":1,"retryReasons":[],"status":"passed","title":"should clear origin query when text is cleared"},{"ancestorTitles":["MapScreen","Search Functionality"],"duration":12,"failureDetails":[],"failureMessages":[],"fullName":"MapScreen Search Functionality should clear destination query when text is cleared","invocations":1,"location":null,"numPassingAsserts":1,"retryReasons":[],"status":"passed","title":"should clear destination query when text is cleared"},{"ancestorTitles":["MapScreen","Search Functionality"],"duration":11,"failureDetails":[],"failureMessages":[],"fullName":"MapScreen Search Functionality should clear origin building when clear button is pressed (lines 156-157)","invocations":1,"location":null,"numPassingAsserts":3,"retryReasons":[],"status":"passed","title":"should clear origin building when clear button is pressed (lines 156-157)"},{"ancestorTitles":["MapScreen","Search Functionality"],"duration":18,"failureDetails":[],"failureMessages":[],"fullName":"MapScreen Search Functionality should clear destination building when clear button is pressed (lines 161-162)","invocations":1,"location":null,"numPassingAsserts":4,"retryReasons":[],"status":"passed","title":"should clear destination building when clear button is pressed (lines 161-162)"},{"ancestorTitles":["MapScreen","Search Functionality"],"duration":25,"failureDetails":[],"failureMessages":[],"fullName":"MapScreen Search Functionality should clear both origin and destination when clearRoute is called from DirectionsPanel","invocations":1,"location":null,"numPassingAsserts":4,"retryReasons":[],"status":"passed","title":"should clear both origin and destination when clearRoute is called from DirectionsPanel"},{"ancestorTitles":["MapScreen","Use Current Building (US-2.2)"],"duration":5,"failureDetails":[],"failureMessages":[],"fullName":"MapScreen Use Current Building (US-2.2) should render the Use Current Location button (📍)","invocations":1,"location":null,"numPassingAsserts":1,"retryReasons":[],"status":"passed","title":"should render the Use Current Location button (📍)"},{"ancestorTitles":["MapScreen","Use Current Building (US-2.2)"],"duration":4,"failureDetails":[],"failureMessages":[],"fullName":"MapScreen Use Current Building (US-2.2) should show feedback if location is denied when pressing 📍","invocations":1,"location":null,"numPassingAsserts":1,"retryReasons":[],"status":"passed","title":"should show feedback if location is denied when pressing 📍"},{"ancestorTitles":["MapScreen","Use Current Building (US-2.2)"],"duration":5,"failureDetails":[],"failureMessages":[],"fullName":"MapScreen Use Current Building (US-2.2) should show feedback \"Finding your location...\" if coords are null when pressing 📍","invocations":1,"location":null,"numPassingAsserts":1,"retryReasons":[],"status":"passed","title":"should show feedback \"Finding your location...\" if coords are null when pressing 📍"},{"ancestorTitles":["MapScreen","Use Current Building (US-2.2)"],"duration":11,"failureDetails":[],"failureMessages":[],"fullName":"MapScreen Use Current Building (US-2.2) should show feedback if user is not inside a mapped building when pressing 📍","invocations":1,"location":null,"numPassingAsserts":1,"retryReasons":[],"status":"passed","title":"should show feedback if user is not inside a mapped building when pressing 📍"},{"ancestorTitles":["MapScreen","Use Current Building (US-2.2)"],"duration":8,"failureDetails":[],"failureMessages":[],"fullName":"MapScreen Use Current Building (US-2.2) should set origin to current building when pressing 📍 (SGW)","invocations":1,"location":null,"numPassingAsserts":1,"retryReasons":[],"status":"passed","title":"should set origin to current building when pressing 📍 (SGW)"},{"ancestorTitles":["MapScreen","Use Current Building (US-2.2)"],"duration":11,"failureDetails":[],"failureMessages":[],"fullName":"MapScreen Use Current Building (US-2.2) should work for Loyola as well (LOY)","invocations":1,"location":null,"numPassingAsserts":1,"retryReasons":[],"status":"passed","title":"should work for Loyola as well (LOY)"},{"ancestorTitles":["MapScreen","Use Current Building (US-2.2)"],"duration":11,"failureDetails":[],"failureMessages":[],"fullName":"MapScreen Use Current Building (US-2.2) should update origin automatically when user moves while originMode is current","invocations":1,"location":null,"numPassingAsserts":2,"retryReasons":[],"status":"passed","title":"should update origin automatically when user moves while originMode is current"},{"ancestorTitles":["MapScreen","Use Current Building (US-2.2)"],"duration":4,"failureDetails":[],"failureMessages":[],"fullName":"MapScreen Use Current Building (US-2.2) should call animateToRegion when Current Location FAB is pressed","invocations":1,"location":null,"numPassingAsserts":0,"retryReasons":[],"status":"passed","title":"should call animateToRegion when Current Location FAB is pressed"},{"ancestorTitles":["MapScreen","Building Selection"],"duration":6,"failureDetails":[],"failureMessages":[],"fullName":"MapScreen Building Selection should set origin on first building press","invocations":1,"location":null,"numPassingAsserts":1,"retryReasons":[],"status":"passed","title":"should set origin on first building press"},{"ancestorTitles":["MapScreen","Building Selection"],"duration":5,"failureDetails":[],"failureMessages":[],"fullName":"MapScreen Building Selection should set destination on second building press","invocations":1,"location":null,"numPassingAsserts":2,"retryReasons":[],"status":"passed","title":"should set destination on second building press"},{"ancestorTitles":["MapScreen","Building Selection"],"duration":5,"failureDetails":[],"failureMessages":[],"fullName":"MapScreen Building Selection should update destination on subsequent presses","invocations":1,"location":null,"numPassingAsserts":2,"retryReasons":[],"status":"passed","title":"should update destination on subsequent presses"},{"ancestorTitles":["MapScreen","Building Selection"],"duration":6,"failureDetails":[],"failureMessages":[],"fullName":"MapScreen Building Selection should update destination when both are already set (covers lines 70-72)","invocations":1,"location":null,"numPassingAsserts":2,"retryReasons":[],"status":"passed","title":"should update destination when both are already set (covers lines 70-72)"},{"ancestorTitles":["MapScreen","Building Selection"],"duration":5,"failureDetails":[],"failureMessages":[],"fullName":"MapScreen Building Selection should not set destination to same as origin on second press","invocations":1,"location":null,"numPassingAsserts":2,"retryReasons":[],"status":"passed","title":"should not set destination to same as origin on second press"},{"ancestorTitles":["MapScreen","Popup Interactions"],"duration":4,"failureDetails":[],"failureMessages":[],"fullName":"MapScreen Popup Interactions should open popup on building press","invocations":1,"location":null,"numPassingAsserts":1,"retryReasons":[],"status":"passed","title":"should open popup on building press"},{"ancestorTitles":["MapScreen","Popup Interactions"],"duration":4,"failureDetails":[],"failureMessages":[],"fullName":"MapScreen Popup Interactions should close popup on close callback","invocations":1,"location":null,"numPassingAsserts":1,"retryReasons":[],"status":"passed","title":"should close popup on close callback"},{"ancestorTitles":["MapScreen","Popup Interactions"],"duration":4,"failureDetails":[],"failureMessages":[],"fullName":"MapScreen Popup Interactions should close popup on more details callback","invocations":1,"location":null,"numPassingAsserts":1,"retryReasons":[],"status":"passed","title":"should close popup on more details callback"},{"ancestorTitles":["MapScreen","Popup Interactions"],"duration":4,"failureDetails":[],"failureMessages":[],"fullName":"MapScreen Popup Interactions should pass building info to popup","invocations":1,"location":null,"numPassingAsserts":1,"retryReasons":[],"status":"passed","title":"should pass building info to popup"},{"ancestorTitles":["MapScreen","MapView Integration"],"duration":3,"failureDetails":[],"failureMessages":[],"fullName":"MapScreen MapView Integration should render MapView with correct props","invocations":1,"location":null,"numPassingAsserts":3,"retryReasons":[],"status":"passed","title":"should render MapView with correct props"},{"ancestorTitles":["MapScreen","MapView Integration"],"duration":3,"failureDetails":[],"failureMessages":[],"fullName":"MapScreen MapView Integration should pass highlighted building to MapView","invocations":1,"location":null,"numPassingAsserts":1,"retryReasons":[],"status":"passed","title":"should pass highlighted building to MapView"},{"ancestorTitles":["MapScreen","MapView Integration"],"duration":4,"failureDetails":[],"failureMessages":[],"fullName":"MapScreen MapView Integration should pass origin and destination to MapView","invocations":1,"location":null,"numPassingAsserts":2,"retryReasons":[],"status":"passed","title":"should pass origin and destination to MapView"},{"ancestorTitles":["MapScreen","Edge Cases"],"duration":5,"failureDetails":[],"failureMessages":[],"fullName":"MapScreen Edge Cases should handle null building info gracefully","invocations":1,"location":null,"numPassingAsserts":1,"retryReasons":[],"status":"passed","title":"should handle null building info gracefully"},{"ancestorTitles":["MapScreen","Edge Cases"],"duration":3,"failureDetails":[],"failureMessages":[],"fullName":"MapScreen Edge Cases should handle empty buildings array","invocations":1,"location":null,"numPassingAsserts":1,"retryReasons":[],"status":"passed","title":"should handle empty buildings array"},{"ancestorTitles":["MapScreen","Edge Cases"],"duration":5,"failureDetails":[],"failureMessages":[],"fullName":"MapScreen Edge Cases should clear popup but keep route on campus switch","invocations":1,"location":null,"numPassingAsserts":2,"retryReasons":[],"status":"passed","title":"should clear popup but keep route on campus switch"},{"ancestorTitles":["MapScreen","Search Toggle FAB"],"duration":4,"failureDetails":[],"failureMessages":[],"fullName":"MapScreen Search Toggle FAB should toggle search visibility when pressed","invocations":1,"location":null,"numPassingAsserts":3,"retryReasons":[],"status":"passed","title":"should toggle search visibility when pressed"},{"ancestorTitles":["MapScreen","Calendar connection"],"duration":312,"failureDetails":[],"failureMessages":[],"fullName":"MapScreen Calendar connection should open calendar modal when calendar FAB is pressed","invocations":1,"location":null,"numPassingAsserts":1,"retryReasons":[],"status":"passed","title":"should open calendar modal when calendar FAB is pressed"},{"ancestorTitles":["MapScreen","Calendar connection"],"duration":21,"failureDetails":[],"failureMessages":[],"fullName":"MapScreen Calendar connection should close calendar modal when onClose is called","invocations":1,"location":null,"numPassingAsserts":2,"retryReasons":[],"status":"passed","title":"should close calendar modal when onClose is called"}],"endTime":1773069249288,"message":"","name":"/Users/nicolekoran/Documents/GitHub/390CampusGuideApp/soen390Project-8/src/screens/MapScreen.test.js","startTime":1773069248221,"status":"passed","summary":""},{"assertionResults":[{"ancestorTitles":["useCalendarAuth"],"duration":53,"failureDetails":[],"failureMessages":[],"fullName":"useCalendarAuth starts with loading then idle when not connected","invocations":1,"location":null,"numPassingAsserts":4,"retryReasons":[],"status":"passed","title":"starts with loading then idle when not connected"},{"ancestorTitles":["useCalendarAuth"],"duration":52,"failureDetails":[],"failureMessages":[],"fullName":"useCalendarAuth starts with loading then connected when credentials exist","invocations":1,"location":null,"numPassingAsserts":5,"retryReasons":[],"status":"passed","title":"starts with loading then connected when credentials exist"},{"ancestorTitles":["useCalendarAuth"],"duration":51,"failureDetails":[],"failureMessages":[],"fullName":"useCalendarAuth sets error state when getStoredCredentials throws","invocations":1,"location":null,"numPassingAsserts":3,"retryReasons":[],"status":"passed","title":"sets error state when getStoredCredentials throws"},{"ancestorTitles":["useCalendarAuth"],"duration":53,"failureDetails":[],"failureMessages":[],"fullName":"useCalendarAuth uses fallback error message when getStoredCredentials throws without message","invocations":1,"location":null,"numPassingAsserts":3,"retryReasons":[],"status":"passed","title":"uses fallback error message when getStoredCredentials throws without message"},{"ancestorTitles":["useCalendarAuth"],"duration":55,"failureDetails":[],"failureMessages":[],"fullName":"useCalendarAuth connect sets error when request is null (OAuth not configured)","invocations":1,"location":null,"numPassingAsserts":4,"retryReasons":[],"status":"passed","title":"connect sets error when request is null (OAuth not configured)"},{"ancestorTitles":["useCalendarAuth"],"duration":54,"failureDetails":[],"failureMessages":[],"fullName":"useCalendarAuth connect sets idle when runProxyAuthFlow returns no code","invocations":1,"location":null,"numPassingAsserts":3,"retryReasons":[],"status":"passed","title":"connect sets idle when runProxyAuthFlow returns no code"},{"ancestorTitles":["useCalendarAuth"],"duration":53,"failureDetails":[],"failureMessages":[],"fullName":"useCalendarAuth connect sets idle when result has no code in params","invocations":1,"location":null,"numPassingAsserts":2,"retryReasons":[],"status":"passed","title":"connect sets idle when result has no code in params"},{"ancestorTitles":["useCalendarAuth"],"duration":53,"failureDetails":[],"failureMessages":[],"fullName":"useCalendarAuth connect exchanges code and sets connected on success","invocations":1,"location":null,"numPassingAsserts":4,"retryReasons":[],"status":"passed","title":"connect exchanges code and sets connected on success"},{"ancestorTitles":["useCalendarAuth"],"duration":53,"failureDetails":[],"failureMessages":[],"fullName":"useCalendarAuth connect sets error when codeVerifier is missing","invocations":1,"location":null,"numPassingAsserts":3,"retryReasons":[],"status":"passed","title":"connect sets error when codeVerifier is missing"},{"ancestorTitles":["useCalendarAuth"],"duration":53,"failureDetails":[],"failureMessages":[],"fullName":"useCalendarAuth connect sets error when exchangeCodeAndStore throws","invocations":1,"location":null,"numPassingAsserts":4,"retryReasons":[],"status":"passed","title":"connect sets error when exchangeCodeAndStore throws"},{"ancestorTitles":["useCalendarAuth"],"duration":53,"failureDetails":[],"failureMessages":[],"fullName":"useCalendarAuth disconnect clears storage and sets idle","invocations":1,"location":null,"numPassingAsserts":4,"retryReasons":[],"status":"passed","title":"disconnect clears storage and sets idle"},{"ancestorTitles":["useCalendarAuth"],"duration":53,"failureDetails":[],"failureMessages":[],"fullName":"useCalendarAuth disconnect sets error when clearStoredCredentials throws","invocations":1,"location":null,"numPassingAsserts":3,"retryReasons":[],"status":"passed","title":"disconnect sets error when clearStoredCredentials throws"},{"ancestorTitles":["useCalendarAuth"],"duration":53,"failureDetails":[],"failureMessages":[],"fullName":"useCalendarAuth loads calendars and defaults to primary when no stored selection","invocations":1,"location":null,"numPassingAsserts":5,"retryReasons":[],"status":"passed","title":"loads calendars and defaults to primary when no stored selection"},{"ancestorTitles":["useCalendarAuth"],"duration":52,"failureDetails":[],"failureMessages":[],"fullName":"useCalendarAuth sets calendarsError when loading calendars fails","invocations":1,"location":null,"numPassingAsserts":5,"retryReasons":[],"status":"passed","title":"sets calendarsError when loading calendars fails"},{"ancestorTitles":["useCalendarAuth"],"duration":57,"failureDetails":[],"failureMessages":[],"fullName":"useCalendarAuth sets calendarsError when fetchCalendarList returns error with calendars","invocations":1,"location":null,"numPassingAsserts":4,"retryReasons":[],"status":"passed","title":"sets calendarsError when fetchCalendarList returns error with calendars"},{"ancestorTitles":["useCalendarAuth"],"duration":53,"failureDetails":[],"failureMessages":[],"fullName":"useCalendarAuth fetchCalendarEvents returns error when not connected","invocations":1,"location":null,"numPassingAsserts":3,"retryReasons":[],"status":"passed","title":"fetchCalendarEvents returns error when not connected"},{"ancestorTitles":["useCalendarAuth"],"duration":54,"failureDetails":[],"failureMessages":[],"fullName":"useCalendarAuth fetchCalendarEvents calls API when connected","invocations":1,"location":null,"numPassingAsserts":4,"retryReasons":[],"status":"passed","title":"fetchCalendarEvents calls API when connected"},{"ancestorTitles":["useCalendarAuth"],"duration":54,"failureDetails":[],"failureMessages":[],"fullName":"useCalendarAuth fetchCalendarEvents falls back to stored selected calendar IDs","invocations":1,"location":null,"numPassingAsserts":2,"retryReasons":[],"status":"passed","title":"fetchCalendarEvents falls back to stored selected calendar IDs"},{"ancestorTitles":["useCalendarAuth"],"duration":53,"failureDetails":[],"failureMessages":[],"fullName":"useCalendarAuth toggleCalendarSelection updates selectedCalendarIds and persists","invocations":1,"location":null,"numPassingAsserts":3,"retryReasons":[],"status":"passed","title":"toggleCalendarSelection updates selectedCalendarIds and persists"},{"ancestorTitles":["useCalendarAuth"],"duration":53,"failureDetails":[],"failureMessages":[],"fullName":"useCalendarAuth toggleCalendarSelection sets calendarsError when persistence fails","invocations":1,"location":null,"numPassingAsserts":2,"retryReasons":[],"status":"passed","title":"toggleCalendarSelection sets calendarsError when persistence fails"},{"ancestorTitles":["useCalendarAuth"],"duration":1,"failureDetails":[],"failureMessages":[],"fullName":"useCalendarAuth isReady is false when getClientId throws","invocations":1,"location":null,"numPassingAsserts":1,"retryReasons":[],"status":"passed","title":"isReady is false when getClientId throws"},{"ancestorTitles":["useCalendarAuth"],"duration":51,"failureDetails":[],"failureMessages":[],"fullName":"useCalendarAuth falls back to localhost redirectUri when getRedirectUri throws","invocations":1,"location":null,"numPassingAsserts":2,"retryReasons":[],"status":"passed","title":"falls back to localhost redirectUri when getRedirectUri throws"}],"endTime":1773069250462,"message":"","name":"/Users/nicolekoran/Documents/GitHub/390CampusGuideApp/soen390Project-8/src/hooks/useCalendarAuth.test.js","startTime":1773069249300,"status":"passed","summary":""},{"assertionResults":[{"ancestorTitles":["useUserLocation"],"duration":3,"failureDetails":[],"failureMessages":[],"fullName":"useUserLocation should request permissions on mount","invocations":1,"location":null,"numPassingAsserts":1,"retryReasons":[],"status":"passed","title":"should request permissions on mount"},{"ancestorTitles":["useUserLocation"],"duration":50,"failureDetails":[],"failureMessages":[],"fullName":"useUserLocation should set status to denied when permission is not granted","invocations":1,"location":null,"numPassingAsserts":2,"retryReasons":[],"status":"passed","title":"should set status to denied when permission is not granted"},{"ancestorTitles":["useUserLocation"],"duration":52,"failureDetails":[],"failureMessages":[],"fullName":"useUserLocation should set status to unavailable when location services are disabled","invocations":1,"location":null,"numPassingAsserts":2,"retryReasons":[],"status":"passed","title":"should set status to unavailable when location services are disabled"},{"ancestorTitles":["useUserLocation"],"duration":53,"failureDetails":[],"failureMessages":[],"fullName":"useUserLocation should start watching position when permissions are granted","invocations":1,"location":null,"numPassingAsserts":2,"retryReasons":[],"status":"passed","title":"should start watching position when permissions are granted"},{"ancestorTitles":["useUserLocation"],"duration":156,"failureDetails":[],"failureMessages":[],"fullName":"useUserLocation should update coords when position changes","invocations":1,"location":null,"numPassingAsserts":1,"retryReasons":[],"status":"passed","title":"should update coords when position changes"},{"ancestorTitles":["useUserLocation"],"duration":54,"failureDetails":[],"failureMessages":[],"fullName":"useUserLocation should handle errors gracefully","invocations":1,"location":null,"numPassingAsserts":2,"retryReasons":[],"status":"passed","title":"should handle errors gracefully"},{"ancestorTitles":["useUserLocation"],"duration":54,"failureDetails":[],"failureMessages":[],"fullName":"useUserLocation should cleanup subscription on unmount","invocations":1,"location":null,"numPassingAsserts":2,"retryReasons":[],"status":"passed","title":"should cleanup subscription on unmount"},{"ancestorTitles":["useUserLocation"],"duration":102,"failureDetails":[],"failureMessages":[],"fullName":"useUserLocation should handle unmount during permission request (line 21)","invocations":1,"location":null,"numPassingAsserts":1,"retryReasons":[],"status":"passed","title":"should handle unmount during permission request (line 21)"},{"ancestorTitles":["useUserLocation"],"duration":105,"failureDetails":[],"failureMessages":[],"fullName":"useUserLocation should handle unmount during services check (line 30)","invocations":1,"location":null,"numPassingAsserts":2,"retryReasons":[],"status":"passed","title":"should handle unmount during services check (line 30)"},{"ancestorTitles":["useUserLocation"],"duration":156,"failureDetails":[],"failureMessages":[],"fullName":"useUserLocation should not update coords if unmounted when position callback fires (lines 48-53)","invocations":1,"location":null,"numPassingAsserts":2,"retryReasons":[],"status":"passed","title":"should not update coords if unmounted when position callback fires (lines 48-53)"}],"endTime":1773069251295,"message":"","name":"/Users/nicolekoran/Documents/GitHub/390CampusGuideApp/soen390Project-8/src/hooks/useUserLocation.test.js","startTime":1773069250468,"status":"passed","summary":""},{"assertionResults":[{"ancestorTitles":["BuildingInfoPopup","Rendering"],"duration":15,"failureDetails":[],"failureMessages":[],"fullName":"BuildingInfoPopup Rendering does not render when visible is false","invocations":1,"location":null,"numPassingAsserts":1,"retryReasons":[],"status":"passed","title":"does not render when visible is false"},{"ancestorTitles":["BuildingInfoPopup","Rendering"],"duration":0,"failureDetails":[],"failureMessages":[],"fullName":"BuildingInfoPopup Rendering does not render when buildingInfo is null","invocations":1,"location":null,"numPassingAsserts":1,"retryReasons":[],"status":"passed","title":"does not render when buildingInfo is null"},{"ancestorTitles":["BuildingInfoPopup","Rendering"],"duration":5,"failureDetails":[],"failureMessages":[],"fullName":"BuildingInfoPopup Rendering renders when visible is true and buildingInfo is provided","invocations":1,"location":null,"numPassingAsserts":1,"retryReasons":[],"status":"passed","title":"renders when visible is true and buildingInfo is provided"},{"ancestorTitles":["BuildingInfoPopup","Rendering"],"duration":3,"failureDetails":[],"failureMessages":[],"fullName":"BuildingInfoPopup Rendering renders building name","invocations":1,"location":null,"numPassingAsserts":1,"retryReasons":[],"status":"passed","title":"renders building name"},{"ancestorTitles":["BuildingInfoPopup","Rendering"],"duration":4,"failureDetails":[],"failureMessages":[],"fullName":"BuildingInfoPopup Rendering renders accessibility section when available","invocations":1,"location":null,"numPassingAsserts":2,"retryReasons":[],"status":"passed","title":"renders accessibility section when available"},{"ancestorTitles":["BuildingInfoPopup","Rendering"],"duration":5,"failureDetails":[],"failureMessages":[],"fullName":"BuildingInfoPopup Rendering renders key services section when available","invocations":1,"location":null,"numPassingAsserts":3,"retryReasons":[],"status":"passed","title":"renders key services section when available"},{"ancestorTitles":["BuildingInfoPopup","Rendering"],"duration":3,"failureDetails":[],"failureMessages":[],"fullName":"BuildingInfoPopup Rendering renders departments section when available","invocations":1,"location":null,"numPassingAsserts":3,"retryReasons":[],"status":"passed","title":"renders departments section when available"},{"ancestorTitles":["BuildingInfoPopup","Rendering"],"duration":4,"failureDetails":[],"failureMessages":[],"fullName":"BuildingInfoPopup Rendering renders facilities section when available","invocations":1,"location":null,"numPassingAsserts":3,"retryReasons":[],"status":"passed","title":"renders facilities section when available"},{"ancestorTitles":["BuildingInfoPopup","Rendering"],"duration":3,"failureDetails":[],"failureMessages":[],"fullName":"BuildingInfoPopup Rendering does not render accessibility section when not available","invocations":1,"location":null,"numPassingAsserts":1,"retryReasons":[],"status":"passed","title":"does not render accessibility section when not available"},{"ancestorTitles":["BuildingInfoPopup","Rendering"],"duration":3,"failureDetails":[],"failureMessages":[],"fullName":"BuildingInfoPopup Rendering does not render accessibility section when accessibility sub-properties are false or missing","invocations":1,"location":null,"numPassingAsserts":1,"retryReasons":[],"status":"passed","title":"does not render accessibility section when accessibility sub-properties are false or missing"},{"ancestorTitles":["BuildingInfoPopup","Rendering"],"duration":3,"failureDetails":[],"failureMessages":[],"fullName":"BuildingInfoPopup Rendering does not render sections when arrays are empty","invocations":1,"location":null,"numPassingAsserts":3,"retryReasons":[],"status":"passed","title":"does not render sections when arrays are empty"},{"ancestorTitles":["BuildingInfoPopup","Rendering"],"duration":3,"failureDetails":[],"failureMessages":[],"fullName":"BuildingInfoPopup Rendering renders default accessibility message when notes are not provided","invocations":1,"location":null,"numPassingAsserts":1,"retryReasons":[],"status":"passed","title":"renders default accessibility message when notes are not provided"},{"ancestorTitles":["BuildingInfoPopup","Expand/Collapse Functionality"],"duration":5,"failureDetails":[],"failureMessages":[],"fullName":"BuildingInfoPopup Expand/Collapse Functionality shows \"Tap to expand\" hint when collapsed","invocations":1,"location":null,"numPassingAsserts":1,"retryReasons":[],"status":"passed","title":"shows \"Tap to expand\" hint when collapsed"},{"ancestorTitles":["BuildingInfoPopup","Expand/Collapse Functionality"],"duration":6,"failureDetails":[],"failureMessages":[],"fullName":"BuildingInfoPopup Expand/Collapse Functionality toggles expand state when handle is pressed","invocations":1,"location":null,"numPassingAsserts":2,"retryReasons":[],"status":"passed","title":"toggles expand state when handle is pressed"},{"ancestorTitles":["BuildingInfoPopup","Expand/Collapse Functionality"],"duration":7,"failureDetails":[],"failureMessages":[],"fullName":"BuildingInfoPopup Expand/Collapse Functionality collapses when handle is pressed while expanded","invocations":1,"location":null,"numPassingAsserts":2,"retryReasons":[],"status":"passed","title":"collapses when handle is pressed while expanded"},{"ancestorTitles":["BuildingInfoPopup","Close Functionality"],"duration":4,"failureDetails":[],"failureMessages":[],"fullName":"BuildingInfoPopup Close Functionality calls onClose when close button is pressed","invocations":1,"location":null,"numPassingAsserts":1,"retryReasons":[],"status":"passed","title":"calls onClose when close button is pressed"},{"ancestorTitles":["BuildingInfoPopup","Close Functionality"],"duration":5,"failureDetails":[],"failureMessages":[],"fullName":"BuildingInfoPopup Close Functionality prevents multiple close calls when closing","invocations":1,"location":null,"numPassingAsserts":1,"retryReasons":[],"status":"passed","title":"prevents multiple close calls when closing"},{"ancestorTitles":["BuildingInfoPopup","More Details Button"],"duration":4,"failureDetails":[],"failureMessages":[],"fullName":"BuildingInfoPopup More Details Button renders \"More Details\" button","invocations":1,"location":null,"numPassingAsserts":1,"retryReasons":[],"status":"passed","title":"renders \"More Details\" button"},{"ancestorTitles":["BuildingInfoPopup","More Details Button"],"duration":3,"failureDetails":[],"failureMessages":[],"fullName":"BuildingInfoPopup More Details Button opens building details URL when \"More Details\" is pressed","invocations":1,"location":null,"numPassingAsserts":1,"retryReasons":[],"status":"passed","title":"opens building details URL when \"More Details\" is pressed"},{"ancestorTitles":["BuildingInfoPopup","More Details Button"],"duration":4,"failureDetails":[],"failureMessages":[],"fullName":"BuildingInfoPopup More Details Button handles building code with uppercase letters","invocations":1,"location":null,"numPassingAsserts":1,"retryReasons":[],"status":"passed","title":"handles building code with uppercase letters"},{"ancestorTitles":["BuildingInfoPopup","More Details Button"],"duration":3,"failureDetails":[],"failureMessages":[],"fullName":"BuildingInfoPopup More Details Button handles missing building code","invocations":1,"location":null,"numPassingAsserts":1,"retryReasons":[],"status":"passed","title":"handles missing building code"},{"ancestorTitles":["BuildingInfoPopup","Animation"],"duration":4,"failureDetails":[],"failureMessages":[],"fullName":"BuildingInfoPopup Animation animates in when visible becomes true","invocations":1,"location":null,"numPassingAsserts":1,"retryReasons":[],"status":"passed","title":"animates in when visible becomes true"},{"ancestorTitles":["BuildingInfoPopup","Animation"],"duration":11,"failureDetails":[],"failureMessages":[],"fullName":"BuildingInfoPopup Animation resets expanded state when popup becomes visible","invocations":1,"location":null,"numPassingAsserts":2,"retryReasons":[],"status":"passed","title":"resets expanded state when popup becomes visible"},{"ancestorTitles":["BuildingInfoPopup","ScrollView"],"duration":4,"failureDetails":[],"failureMessages":[],"fullName":"BuildingInfoPopup ScrollView renders ScrollView for content","invocations":1,"location":null,"numPassingAsserts":2,"retryReasons":[],"status":"passed","title":"renders ScrollView for content"}],"endTime":1773069251465,"message":"","name":"/Users/nicolekoran/Documents/GitHub/390CampusGuideApp/soen390Project-8/src/components/BuildingInfoPopup.test.js","startTime":1773069251300,"status":"passed","summary":""},{"assertionResults":[{"ancestorTitles":["calendar auth service","getClientId"],"duration":0,"failureDetails":[],"failureMessages":[],"fullName":"calendar auth service getClientId returns client ID when set","invocations":1,"location":null,"numPassingAsserts":1,"retryReasons":[],"status":"passed","title":"returns client ID when set"},{"ancestorTitles":["calendar auth service","getClientId"],"duration":1,"failureDetails":[],"failureMessages":[],"fullName":"calendar auth service getClientId throws when missing","invocations":1,"location":null,"numPassingAsserts":1,"retryReasons":[],"status":"passed","title":"throws when missing"},{"ancestorTitles":["calendar auth service","getClientId"],"duration":0,"failureDetails":[],"failureMessages":[],"fullName":"calendar auth service getClientId throws when placeholder value","invocations":1,"location":null,"numPassingAsserts":1,"retryReasons":[],"status":"passed","title":"throws when placeholder value"},{"ancestorTitles":["calendar auth service","getClientSecret"],"duration":0,"failureDetails":[],"failureMessages":[],"fullName":"calendar auth service getClientSecret returns null when not set","invocations":1,"location":null,"numPassingAsserts":1,"retryReasons":[],"status":"passed","title":"returns null when not set"},{"ancestorTitles":["calendar auth service","getClientSecret"],"duration":0,"failureDetails":[],"failureMessages":[],"fullName":"calendar auth service getClientSecret returns null when placeholder value","invocations":1,"location":null,"numPassingAsserts":1,"retryReasons":[],"status":"passed","title":"returns null when placeholder value"},{"ancestorTitles":["calendar auth service","getClientSecret"],"duration":0,"failureDetails":[],"failureMessages":[],"fullName":"calendar auth service getClientSecret returns secret when set","invocations":1,"location":null,"numPassingAsserts":1,"retryReasons":[],"status":"passed","title":"returns secret when set"},{"ancestorTitles":["calendar auth service","getRedirectUri"],"duration":0,"failureDetails":[],"failureMessages":[],"fullName":"calendar auth service getRedirectUri returns proxy URL when EXPO_PUBLIC_EXPO_PROJECT_FULLNAME is set","invocations":1,"location":null,"numPassingAsserts":1,"retryReasons":[],"status":"passed","title":"returns proxy URL when EXPO_PUBLIC_EXPO_PROJECT_FULLNAME is set"},{"ancestorTitles":["calendar auth service","getRedirectUri"],"duration":0,"failureDetails":[],"failureMessages":[],"fullName":"calendar auth service getRedirectUri throws when fullName not set","invocations":1,"location":null,"numPassingAsserts":1,"retryReasons":[],"status":"passed","title":"throws when fullName not set"},{"ancestorTitles":["calendar auth service","getAppReturnUri"],"duration":0,"failureDetails":[],"failureMessages":[],"fullName":"calendar auth service getAppReturnUri returns makeRedirectUri()","invocations":1,"location":null,"numPassingAsserts":2,"retryReasons":[],"status":"passed","title":"returns makeRedirectUri()"},{"ancestorTitles":["calendar auth service","buildProxyStartUrl"],"duration":8,"failureDetails":[],"failureMessages":[],"fullName":"calendar auth service buildProxyStartUrl builds URL with authUrl and returnUrl","invocations":1,"location":null,"numPassingAsserts":5,"retryReasons":[],"status":"passed","title":"builds URL with authUrl and returnUrl"},{"ancestorTitles":["calendar auth service","runProxyAuthFlow"],"duration":0,"failureDetails":[],"failureMessages":[],"fullName":"calendar auth service runProxyAuthFlow returns null when openAuthSessionAsync does not return success","invocations":1,"location":null,"numPassingAsserts":2,"retryReasons":[],"status":"passed","title":"returns null when openAuthSessionAsync does not return success"},{"ancestorTitles":["calendar auth service","runProxyAuthFlow"],"duration":1,"failureDetails":[],"failureMessages":[],"fullName":"calendar auth service runProxyAuthFlow returns params with code when success URL has query string","invocations":1,"location":null,"numPassingAsserts":3,"retryReasons":[],"status":"passed","title":"returns params with code when success URL has query string"},{"ancestorTitles":["calendar auth service","runProxyAuthFlow"],"duration":0,"failureDetails":[],"failureMessages":[],"fullName":"calendar auth service runProxyAuthFlow returns empty params when success URL has no query string","invocations":1,"location":null,"numPassingAsserts":2,"retryReasons":[],"status":"passed","title":"returns empty params when success URL has no query string"},{"ancestorTitles":["calendar auth service","exchangeCodeAndStore"],"duration":0,"failureDetails":[],"failureMessages":[],"fullName":"calendar auth service exchangeCodeAndStore calls exchangeCodeAsync and storeTokenResponse","invocations":1,"location":null,"numPassingAsserts":2,"retryReasons":[],"status":"passed","title":"calls exchangeCodeAsync and storeTokenResponse"},{"ancestorTitles":["calendar auth service","exchangeCodeAndStore"],"duration":0,"failureDetails":[],"failureMessages":[],"fullName":"calendar auth service exchangeCodeAndStore includes clientSecret in exchange when set","invocations":1,"location":null,"numPassingAsserts":1,"retryReasons":[],"status":"passed","title":"includes clientSecret in exchange when set"},{"ancestorTitles":["calendar auth service","storeTokenResponse"],"duration":0,"failureDetails":[],"failureMessages":[],"fullName":"calendar auth service storeTokenResponse serializes token response to SecureStore","invocations":1,"location":null,"numPassingAsserts":1,"retryReasons":[],"status":"passed","title":"serializes token response to SecureStore"},{"ancestorTitles":["calendar auth service","getStoredCredentials"],"duration":1,"failureDetails":[],"failureMessages":[],"fullName":"calendar auth service getStoredCredentials returns null when nothing stored","invocations":1,"location":null,"numPassingAsserts":1,"retryReasons":[],"status":"passed","title":"returns null when nothing stored"},{"ancestorTitles":["calendar auth service","getStoredCredentials"],"duration":0,"failureDetails":[],"failureMessages":[],"fullName":"calendar auth service getStoredCredentials returns creds when stored and token is fresh","invocations":1,"location":null,"numPassingAsserts":1,"retryReasons":[],"status":"passed","title":"returns creds when stored and token is fresh"},{"ancestorTitles":["calendar auth service","getStoredCredentials"],"duration":1,"failureDetails":[],"failureMessages":[],"fullName":"calendar auth service getStoredCredentials calls refreshAsync when token should refresh","invocations":1,"location":null,"numPassingAsserts":2,"retryReasons":[],"status":"passed","title":"calls refreshAsync when token should refresh"},{"ancestorTitles":["calendar auth service","getStoredCredentials"],"duration":0,"failureDetails":[],"failureMessages":[],"fullName":"calendar auth service getStoredCredentials returns null on invalid stored JSON","invocations":1,"location":null,"numPassingAsserts":1,"retryReasons":[],"status":"passed","title":"returns null on invalid stored JSON"},{"ancestorTitles":["calendar auth service","refreshStoredToken"],"duration":0,"failureDetails":[],"failureMessages":[],"fullName":"calendar auth service refreshStoredToken returns null when no refresh token","invocations":1,"location":null,"numPassingAsserts":2,"retryReasons":[],"status":"passed","title":"returns null when no refresh token"},{"ancestorTitles":["calendar auth service","refreshStoredToken"],"duration":0,"failureDetails":[],"failureMessages":[],"fullName":"calendar auth service refreshStoredToken calls refreshAsync and storeTokenResponse when refresh token provided","invocations":1,"location":null,"numPassingAsserts":3,"retryReasons":[],"status":"passed","title":"calls refreshAsync and storeTokenResponse when refresh token provided"},{"ancestorTitles":["calendar auth service","refreshStoredToken"],"duration":1,"failureDetails":[],"failureMessages":[],"fullName":"calendar auth service refreshStoredToken includes clientSecret in refreshAsync when set","invocations":1,"location":null,"numPassingAsserts":1,"retryReasons":[],"status":"passed","title":"includes clientSecret in refreshAsync when set"},{"ancestorTitles":["calendar auth service","refreshStoredToken"],"duration":0,"failureDetails":[],"failureMessages":[],"fullName":"calendar auth service refreshStoredToken returns null when refreshAsync throws","invocations":1,"location":null,"numPassingAsserts":1,"retryReasons":[],"status":"passed","title":"returns null when refreshAsync throws"},{"ancestorTitles":["calendar auth service","clearStoredCredentials"],"duration":0,"failureDetails":[],"failureMessages":[],"fullName":"calendar auth service clearStoredCredentials calls deleteItemAsync","invocations":1,"location":null,"numPassingAsserts":1,"retryReasons":[],"status":"passed","title":"calls deleteItemAsync"},{"ancestorTitles":["calendar auth service","storeSelectedCalendarIds"],"duration":0,"failureDetails":[],"failureMessages":[],"fullName":"calendar auth service storeSelectedCalendarIds stores array of calendar IDs in SecureStore","invocations":1,"location":null,"numPassingAsserts":1,"retryReasons":[],"status":"passed","title":"stores array of calendar IDs in SecureStore"},{"ancestorTitles":["calendar auth service","storeSelectedCalendarIds"],"duration":0,"failureDetails":[],"failureMessages":[],"fullName":"calendar auth service storeSelectedCalendarIds normalizes non-array to empty array","invocations":1,"location":null,"numPassingAsserts":1,"retryReasons":[],"status":"passed","title":"normalizes non-array to empty array"},{"ancestorTitles":["calendar auth service","getStoredSelectedCalendarIds"],"duration":0,"failureDetails":[],"failureMessages":[],"fullName":"calendar auth service getStoredSelectedCalendarIds returns empty array when nothing stored","invocations":1,"location":null,"numPassingAsserts":1,"retryReasons":[],"status":"passed","title":"returns empty array when nothing stored"},{"ancestorTitles":["calendar auth service","getStoredSelectedCalendarIds"],"duration":0,"failureDetails":[],"failureMessages":[],"fullName":"calendar auth service getStoredSelectedCalendarIds returns parsed array when valid JSON stored","invocations":1,"location":null,"numPassingAsserts":1,"retryReasons":[],"status":"passed","title":"returns parsed array when valid JSON stored"},{"ancestorTitles":["calendar auth service","getStoredSelectedCalendarIds"],"duration":0,"failureDetails":[],"failureMessages":[],"fullName":"calendar auth service getStoredSelectedCalendarIds returns empty array when stored value is not an array","invocations":1,"location":null,"numPassingAsserts":1,"retryReasons":[],"status":"passed","title":"returns empty array when stored value is not an array"},{"ancestorTitles":["calendar auth service","getStoredSelectedCalendarIds"],"duration":0,"failureDetails":[],"failureMessages":[],"fullName":"calendar auth service getStoredSelectedCalendarIds filters to only string ids","invocations":1,"location":null,"numPassingAsserts":1,"retryReasons":[],"status":"passed","title":"filters to only string ids"},{"ancestorTitles":["calendar auth service","getStoredSelectedCalendarIds"],"duration":0,"failureDetails":[],"failureMessages":[],"fullName":"calendar auth service getStoredSelectedCalendarIds returns empty array on invalid JSON","invocations":1,"location":null,"numPassingAsserts":1,"retryReasons":[],"status":"passed","title":"returns empty array on invalid JSON"},{"ancestorTitles":["calendar auth service","fetchCalendarList"],"duration":1,"failureDetails":[],"failureMessages":[],"fullName":"calendar auth service fetchCalendarList returns calendars when API succeeds","invocations":1,"location":null,"numPassingAsserts":3,"retryReasons":[],"status":"passed","title":"returns calendars when API succeeds"},{"ancestorTitles":["calendar auth service","fetchCalendarList"],"duration":0,"failureDetails":[],"failureMessages":[],"fullName":"calendar auth service fetchCalendarList returns error when API returns non-ok","invocations":1,"location":null,"numPassingAsserts":2,"retryReasons":[],"status":"passed","title":"returns error when API returns non-ok"},{"ancestorTitles":["calendar auth service","fetchCalendarList"],"duration":0,"failureDetails":[],"failureMessages":[],"fullName":"calendar auth service fetchCalendarList returns error on network failure","invocations":1,"location":null,"numPassingAsserts":2,"retryReasons":[],"status":"passed","title":"returns error on network failure"},{"ancestorTitles":["calendar auth service","fetchCalendarList"],"duration":0,"failureDetails":[],"failureMessages":[],"fullName":"calendar auth service fetchCalendarList returns empty calendars when response has no items","invocations":1,"location":null,"numPassingAsserts":1,"retryReasons":[],"status":"passed","title":"returns empty calendars when response has no items"},{"ancestorTitles":["calendar auth service","fetchCalendarEvents"],"duration":2,"failureDetails":[],"failureMessages":[],"fullName":"calendar auth service fetchCalendarEvents returns events when API succeeds","invocations":1,"location":null,"numPassingAsserts":3,"retryReasons":[],"status":"passed","title":"returns events when API succeeds"},{"ancestorTitles":["calendar auth service","fetchCalendarEvents"],"duration":0,"failureDetails":[],"failureMessages":[],"fullName":"calendar auth service fetchCalendarEvents returns error when API returns non-ok","invocations":1,"location":null,"numPassingAsserts":2,"retryReasons":[],"status":"passed","title":"returns error when API returns non-ok"},{"ancestorTitles":["calendar auth service","fetchCalendarEvents"],"duration":0,"failureDetails":[],"failureMessages":[],"fullName":"calendar auth service fetchCalendarEvents returns error on network failure","invocations":1,"location":null,"numPassingAsserts":2,"retryReasons":[],"status":"passed","title":"returns error on network failure"},{"ancestorTitles":["calendar auth service","fetchCalendarEvents"],"duration":1,"failureDetails":[],"failureMessages":[],"fullName":"calendar auth service fetchCalendarEvents uses options maxResults and timeMin","invocations":1,"location":null,"numPassingAsserts":2,"retryReasons":[],"status":"passed","title":"uses options maxResults and timeMin"},{"ancestorTitles":["calendar auth service","fetchCalendarEvents"],"duration":0,"failureDetails":[],"failureMessages":[],"fullName":"calendar auth service fetchCalendarEvents fetches from multiple calendarIds when provided","invocations":1,"location":null,"numPassingAsserts":4,"retryReasons":[],"status":"passed","title":"fetches from multiple calendarIds when provided"},{"ancestorTitles":["calendar auth service","fetchCalendarEvents"],"duration":1,"failureDetails":[],"failureMessages":[],"fullName":"calendar auth service fetchCalendarEvents includes firstError when one calendar response fails","invocations":1,"location":null,"numPassingAsserts":2,"retryReasons":[],"status":"passed","title":"includes firstError when one calendar response fails"},{"ancestorTitles":["calendar auth service","fetchCalendarEvents"],"duration":0,"failureDetails":[],"failureMessages":[],"fullName":"calendar auth service fetchCalendarEvents sorts combined events chronologically by start time","invocations":1,"location":null,"numPassingAsserts":3,"retryReasons":[],"status":"passed","title":"sorts combined events chronologically by start time"},{"ancestorTitles":["calendar auth service","exports"],"duration":0,"failureDetails":[],"failureMessages":[],"fullName":"calendar auth service exports GOOGLE_DISCOVERY has required endpoints","invocations":1,"location":null,"numPassingAsserts":2,"retryReasons":[],"status":"passed","title":"GOOGLE_DISCOVERY has required endpoints"},{"ancestorTitles":["calendar auth service","exports"],"duration":0,"failureDetails":[],"failureMessages":[],"fullName":"calendar auth service exports CALENDAR_SCOPES includes readonly scope","invocations":1,"location":null,"numPassingAsserts":1,"retryReasons":[],"status":"passed","title":"CALENDAR_SCOPES includes readonly scope"}],"endTime":1773069251576,"message":"","name":"/Users/nicolekoran/Documents/GitHub/390CampusGuideApp/soen390Project-8/src/services/calendar/auth.test.js","startTime":1773069251467,"status":"passed","summary":""},{"assertionResults":[{"ancestorTitles":["CalendarConnectionModal"],"duration":18,"failureDetails":[],"failureMessages":[],"fullName":"CalendarConnectionModal renders with title and status when visible","invocations":1,"location":null,"numPassingAsserts":2,"retryReasons":[],"status":"passed","title":"renders with title and status when visible"},{"ancestorTitles":["CalendarConnectionModal"],"duration":2,"failureDetails":[],"failureMessages":[],"fullName":"CalendarConnectionModal shows Calendar connected when isConnected is true","invocations":1,"location":null,"numPassingAsserts":1,"retryReasons":[],"status":"passed","title":"shows Calendar connected when isConnected is true"},{"ancestorTitles":["CalendarConnectionModal"],"duration":1,"failureDetails":[],"failureMessages":[],"fullName":"CalendarConnectionModal shows Connect Google Calendar button when not connected and isReady","invocations":1,"location":null,"numPassingAsserts":2,"retryReasons":[],"status":"passed","title":"shows Connect Google Calendar button when not connected and isReady"},{"ancestorTitles":["CalendarConnectionModal"],"duration":3,"failureDetails":[],"failureMessages":[],"fullName":"CalendarConnectionModal shows Disconnect button when connected","invocations":1,"location":null,"numPassingAsserts":2,"retryReasons":[],"status":"passed","title":"shows Disconnect button when connected"},{"ancestorTitles":["CalendarConnectionModal"],"duration":4,"failureDetails":[],"failureMessages":[],"fullName":"CalendarConnectionModal renders calendar section when connected","invocations":1,"location":null,"numPassingAsserts":3,"retryReasons":[],"status":"passed","title":"renders calendar section when connected"},{"ancestorTitles":["CalendarConnectionModal"],"duration":32,"failureDetails":[],"failureMessages":[],"fullName":"CalendarConnectionModal shows loading and error states for calendars","invocations":1,"location":null,"numPassingAsserts":2,"retryReasons":[],"status":"passed","title":"shows loading and error states for calendars"},{"ancestorTitles":["CalendarConnectionModal"],"duration":2,"failureDetails":[],"failureMessages":[],"fullName":"CalendarConnectionModal shows empty state when no calendars are available","invocations":1,"location":null,"numPassingAsserts":1,"retryReasons":[],"status":"passed","title":"shows empty state when no calendars are available"},{"ancestorTitles":["CalendarConnectionModal"],"duration":2,"failureDetails":[],"failureMessages":[],"fullName":"CalendarConnectionModal calls onToggleCalendar when a calendar row is pressed","invocations":1,"location":null,"numPassingAsserts":1,"retryReasons":[],"status":"passed","title":"calls onToggleCalendar when a calendar row is pressed"},{"ancestorTitles":["CalendarConnectionModal"],"duration":2,"failureDetails":[],"failureMessages":[],"fullName":"CalendarConnectionModal calls onReloadCalendars when Refresh button is pressed","invocations":1,"location":null,"numPassingAsserts":1,"retryReasons":[],"status":"passed","title":"calls onReloadCalendars when Refresh button is pressed"},{"ancestorTitles":["CalendarConnectionModal"],"duration":2,"failureDetails":[],"failureMessages":[],"fullName":"CalendarConnectionModal calls onConnect when Connect button is pressed","invocations":1,"location":null,"numPassingAsserts":1,"retryReasons":[],"status":"passed","title":"calls onConnect when Connect button is pressed"},{"ancestorTitles":["CalendarConnectionModal"],"duration":4,"failureDetails":[],"failureMessages":[],"fullName":"CalendarConnectionModal calls onDisconnect when Disconnect button is pressed","invocations":1,"location":null,"numPassingAsserts":1,"retryReasons":[],"status":"passed","title":"calls onDisconnect when Disconnect button is pressed"},{"ancestorTitles":["CalendarConnectionModal"],"duration":2,"failureDetails":[],"failureMessages":[],"fullName":"CalendarConnectionModal calls onClose when close button is pressed","invocations":1,"location":null,"numPassingAsserts":1,"retryReasons":[],"status":"passed","title":"calls onClose when close button is pressed"},{"ancestorTitles":["CalendarConnectionModal"],"duration":3,"failureDetails":[],"failureMessages":[],"fullName":"CalendarConnectionModal shows error message when status is error and errorMessage is set","invocations":1,"location":null,"numPassingAsserts":1,"retryReasons":[],"status":"passed","title":"shows error message when status is error and errorMessage is set"},{"ancestorTitles":["CalendarConnectionModal"],"duration":4,"failureDetails":[],"failureMessages":[],"fullName":"CalendarConnectionModal shows loading state when status is loading","invocations":1,"location":null,"numPassingAsserts":1,"retryReasons":[],"status":"passed","title":"shows loading state when status is loading"},{"ancestorTitles":["CalendarConnectionModal"],"duration":3,"failureDetails":[],"failureMessages":[],"fullName":"CalendarConnectionModal shows hint when isReady is false","invocations":1,"location":null,"numPassingAsserts":1,"retryReasons":[],"status":"passed","title":"shows hint when isReady is false"},{"ancestorTitles":["CalendarConnectionModal"],"duration":6,"failureDetails":[],"failureMessages":[],"fullName":"CalendarConnectionModal Connect button is disabled when loading","invocations":1,"location":null,"numPassingAsserts":1,"retryReasons":[],"status":"passed","title":"Connect button is disabled when loading"},{"ancestorTitles":["CalendarConnectionModal"],"duration":3,"failureDetails":[],"failureMessages":[],"fullName":"CalendarConnectionModal Connect button is disabled when not isReady","invocations":1,"location":null,"numPassingAsserts":1,"retryReasons":[],"status":"passed","title":"Connect button is disabled when not isReady"},{"ancestorTitles":["CalendarConnectionModal"],"duration":2,"failureDetails":[],"failureMessages":[],"fullName":"CalendarConnectionModal has correct testID for modal","invocations":1,"location":null,"numPassingAsserts":1,"retryReasons":[],"status":"passed","title":"has correct testID for modal"},{"ancestorTitles":["CalendarConnectionModal"],"duration":2,"failureDetails":[],"failureMessages":[],"fullName":"CalendarConnectionModal pressing card content does not close modal (stopPropagation)","invocations":1,"location":null,"numPassingAsserts":1,"retryReasons":[],"status":"passed","title":"pressing card content does not close modal (stopPropagation)"}],"endTime":1773069251705,"message":"","name":"/Users/nicolekoran/Documents/GitHub/390CampusGuideApp/soen390Project-8/src/components/CalendarConnectionModal.test.js","startTime":1773069251578,"status":"passed","summary":""},{"assertionResults":[{"ancestorTitles":["buildings data module","POINT_FEATURES"],"duration":0,"failureDetails":[],"failureMessages":[],"fullName":"buildings data module POINT_FEATURES should be a valid GeoJSON FeatureCollection","invocations":1,"location":null,"numPassingAsserts":2,"retryReasons":[],"status":"passed","title":"should be a valid GeoJSON FeatureCollection"},{"ancestorTitles":["buildings data module","POINT_FEATURES"],"duration":0,"failureDetails":[],"failureMessages":[],"fullName":"buildings data module POINT_FEATURES should contain building features","invocations":1,"location":null,"numPassingAsserts":1,"retryReasons":[],"status":"passed","title":"should contain building features"},{"ancestorTitles":["buildings data module","POINT_FEATURES"],"duration":7,"failureDetails":[],"failureMessages":[],"fullName":"buildings data module POINT_FEATURES should have Point geometry for all features","invocations":1,"location":null,"numPassingAsserts":186,"retryReasons":[],"status":"passed","title":"should have Point geometry for all features"},{"ancestorTitles":["buildings data module","BUILDINGS_GEOJSON"],"duration":0,"failureDetails":[],"failureMessages":[],"fullName":"buildings data module BUILDINGS_GEOJSON should be a valid GeoJSON FeatureCollection","invocations":1,"location":null,"numPassingAsserts":2,"retryReasons":[],"status":"passed","title":"should be a valid GeoJSON FeatureCollection"},{"ancestorTitles":["buildings data module","BUILDINGS_GEOJSON"],"duration":0,"failureDetails":[],"failureMessages":[],"fullName":"buildings data module BUILDINGS_GEOJSON should contain features","invocations":1,"location":null,"numPassingAsserts":1,"retryReasons":[],"status":"passed","title":"should contain features"},{"ancestorTitles":["buildings data module","BUILDINGS_GEOJSON"],"duration":0,"failureDetails":[],"failureMessages":[],"fullName":"buildings data module BUILDINGS_GEOJSON should include both polygon and point features","invocations":1,"location":null,"numPassingAsserts":1,"retryReasons":[],"status":"passed","title":"should include both polygon and point features"},{"ancestorTitles":["buildings data module","BUILDINGS_GEOJSON"],"duration":7,"failureDetails":[],"failureMessages":[],"fullName":"buildings data module BUILDINGS_GEOJSON should have properties for each feature","invocations":1,"location":null,"numPassingAsserts":376,"retryReasons":[],"status":"passed","title":"should have properties for each feature"},{"ancestorTitles":["buildings data module","BUILDINGS_GEOJSON"],"duration":0,"failureDetails":[],"failureMessages":[],"fullName":"buildings data module BUILDINGS_GEOJSON should merge polygon properties with point properties when matched","invocations":1,"location":null,"numPassingAsserts":2,"retryReasons":[],"status":"passed","title":"should merge polygon properties with point properties when matched"},{"ancestorTitles":["buildings data module","extractRefFromName helper"],"duration":1,"failureDetails":[],"failureMessages":[],"fullName":"buildings data module extractRefFromName helper should match building with code in parentheses","invocations":1,"location":null,"numPassingAsserts":1,"retryReasons":[],"status":"passed","title":"should match building with code in parentheses"},{"ancestorTitles":["buildings data module","extractRefFromName helper"],"duration":0,"failureDetails":[],"failureMessages":[],"fullName":"buildings data module extractRefFromName helper should match building with leading code","invocations":1,"location":null,"numPassingAsserts":1,"retryReasons":[],"status":"passed","title":"should match building with leading code"},{"ancestorTitles":["buildings data module","matchPointForPolygon helper"],"duration":0,"failureDetails":[],"failureMessages":[],"fullName":"buildings data module matchPointForPolygon helper should handle features with ref property","invocations":1,"location":null,"numPassingAsserts":25,"retryReasons":[],"status":"passed","title":"should handle features with ref property"},{"ancestorTitles":["buildings data module","matchPointForPolygon helper"],"duration":2,"failureDetails":[],"failureMessages":[],"fullName":"buildings data module matchPointForPolygon helper should handle features with code property","invocations":1,"location":null,"numPassingAsserts":108,"retryReasons":[],"status":"passed","title":"should handle features with code property"},{"ancestorTitles":["buildings data module","matchPointForPolygon helper"],"duration":3,"failureDetails":[],"failureMessages":[],"fullName":"buildings data module matchPointForPolygon helper should handle features with name property","invocations":1,"location":null,"numPassingAsserts":121,"retryReasons":[],"status":"passed","title":"should handle features with name property"},{"ancestorTitles":["buildings data module","matchPointForPolygon helper"],"duration":0,"failureDetails":[],"failureMessages":[],"fullName":"buildings data module matchPointForPolygon helper should normalize and filter ref candidates","invocations":1,"location":null,"numPassingAsserts":2,"retryReasons":[],"status":"passed","title":"should normalize and filter ref candidates"},{"ancestorTitles":["buildings data module","campusFeaturesToPolygons helper"],"duration":6,"failureDetails":[],"failureMessages":[],"fullName":"buildings data module campusFeaturesToPolygons helper should filter out non-polygon features","invocations":1,"location":null,"numPassingAsserts":314,"retryReasons":[],"status":"passed","title":"should filter out non-polygon features"},{"ancestorTitles":["buildings data module","campusFeaturesToPolygons helper"],"duration":0,"failureDetails":[],"failureMessages":[],"fullName":"buildings data module campusFeaturesToPolygons helper should handle empty or invalid GeoJSON","invocations":1,"location":null,"numPassingAsserts":1,"retryReasons":[],"status":"passed","title":"should handle empty or invalid GeoJSON"},{"ancestorTitles":["buildings data module","campusFeaturesToPolygons helper"],"duration":12,"failureDetails":[],"failureMessages":[],"fullName":"buildings data module campusFeaturesToPolygons helper should merge matched point properties with polygon properties","invocations":1,"location":null,"numPassingAsserts":628,"retryReasons":[],"status":"passed","title":"should merge matched point properties with polygon properties"}],"endTime":1773069251772,"message":"","name":"/Users/nicolekoran/Documents/GitHub/390CampusGuideApp/soen390Project-8/src/data/buildings.test.js","startTime":1773069251707,"status":"passed","summary":""},{"assertionResults":[{"ancestorTitles":["MapView","Basic Rendering"],"duration":13,"failureDetails":[],"failureMessages":[],"fullName":"MapView Basic Rendering should render map view","invocations":1,"location":null,"numPassingAsserts":1,"retryReasons":[],"status":"passed","title":"should render map view"},{"ancestorTitles":["MapView","Basic Rendering"],"duration":1,"failureDetails":[],"failureMessages":[],"fullName":"MapView Basic Rendering should render markers","invocations":1,"location":null,"numPassingAsserts":1,"retryReasons":[],"status":"passed","title":"should render markers"},{"ancestorTitles":["MapView","Basic Rendering"],"duration":1,"failureDetails":[],"failureMessages":[],"fullName":"MapView Basic Rendering should render with default props","invocations":1,"location":null,"numPassingAsserts":1,"retryReasons":[],"status":"passed","title":"should render with default props"},{"ancestorTitles":["MapView","Basic Rendering"],"duration":0,"failureDetails":[],"failureMessages":[],"fullName":"MapView Basic Rendering should render with empty markers array","invocations":1,"location":null,"numPassingAsserts":1,"retryReasons":[],"status":"passed","title":"should render with empty markers array"},{"ancestorTitles":["MapView"],"duration":1,"failureDetails":[],"failureMessages":[],"fullName":"MapView should call Keyboard.dismiss when map is pressed","invocations":1,"location":null,"numPassingAsserts":1,"retryReasons":[],"status":"passed","title":"should call Keyboard.dismiss when map is pressed"},{"ancestorTitles":["MapView","Polygon Rendering"],"duration":0,"failureDetails":[],"failureMessages":[],"fullName":"MapView Polygon Rendering should render polygon buildings","invocations":1,"location":null,"numPassingAsserts":1,"retryReasons":[],"status":"passed","title":"should render polygon buildings"},{"ancestorTitles":["MapView","Polygon Rendering"],"duration":1,"failureDetails":[],"failureMessages":[],"fullName":"MapView Polygon Rendering should render polygon with multiple rings (holes)","invocations":1,"location":null,"numPassingAsserts":1,"retryReasons":[],"status":"passed","title":"should render polygon with multiple rings (holes)"},{"ancestorTitles":["MapView","Polygon Rendering"],"duration":0,"failureDetails":[],"failureMessages":[],"fullName":"MapView Polygon Rendering should render MultiPolygon buildings","invocations":1,"location":null,"numPassingAsserts":1,"retryReasons":[],"status":"passed","title":"should render MultiPolygon buildings"},{"ancestorTitles":["MapView","Polygon Rendering"],"duration":1,"failureDetails":[],"failureMessages":[],"fullName":"MapView Polygon Rendering should handle invalid geometry gracefully","invocations":1,"location":null,"numPassingAsserts":1,"retryReasons":[],"status":"passed","title":"should handle invalid geometry gracefully"},{"ancestorTitles":["MapView","Polygon Rendering"],"duration":0,"failureDetails":[],"failureMessages":[],"fullName":"MapView Polygon Rendering should handle missing coordinates","invocations":1,"location":null,"numPassingAsserts":1,"retryReasons":[],"status":"passed","title":"should handle missing coordinates"},{"ancestorTitles":["MapView","Point Marker Rendering"],"duration":1,"failureDetails":[],"failureMessages":[],"fullName":"MapView Point Marker Rendering should render point buildings as markers","invocations":1,"location":null,"numPassingAsserts":1,"retryReasons":[],"status":"passed","title":"should render point buildings as markers"},{"ancestorTitles":["MapView","Point Marker Rendering"],"duration":1,"failureDetails":[],"failureMessages":[],"fullName":"MapView Point Marker Rendering should display building ID in point marker","invocations":1,"location":null,"numPassingAsserts":1,"retryReasons":[],"status":"passed","title":"should display building ID in point marker"},{"ancestorTitles":["MapView","Point Marker Rendering"],"duration":0,"failureDetails":[],"failureMessages":[],"fullName":"MapView Point Marker Rendering should apply origin highlight style to point markers","invocations":1,"location":null,"numPassingAsserts":1,"retryReasons":[],"status":"passed","title":"should apply origin highlight style to point markers"},{"ancestorTitles":["MapView","Point Marker Rendering"],"duration":2,"failureDetails":[],"failureMessages":[],"fullName":"MapView Point Marker Rendering should apply destination highlight style to point markers","invocations":1,"location":null,"numPassingAsserts":1,"retryReasons":[],"status":"passed","title":"should apply destination highlight style to point markers"},{"ancestorTitles":["MapView","Point Marker Rendering"],"duration":0,"failureDetails":[],"failureMessages":[],"fullName":"MapView Point Marker Rendering should apply current highlight style to point markers","invocations":1,"location":null,"numPassingAsserts":1,"retryReasons":[],"status":"passed","title":"should apply current highlight style to point markers"},{"ancestorTitles":["MapView","Point Marker Rendering"],"duration":1,"failureDetails":[],"failureMessages":[],"fullName":"MapView Point Marker Rendering should handle point with invalid coordinates","invocations":1,"location":null,"numPassingAsserts":1,"retryReasons":[],"status":"passed","title":"should handle point with invalid coordinates"},{"ancestorTitles":["MapView","Point Marker Rendering"],"duration":1,"failureDetails":[],"failureMessages":[],"fullName":"MapView Point Marker Rendering should hide building icons when user manually zooms out (longitudeDelta > 0.008)","invocations":1,"location":null,"numPassingAsserts":2,"retryReasons":[],"status":"passed","title":"should hide building icons when user manually zooms out (longitudeDelta > 0.008)"},{"ancestorTitles":["MapView","Point Marker Rendering"],"duration":0,"failureDetails":[],"failureMessages":[],"fullName":"MapView Point Marker Rendering should start hidden if initial zoom is low (longitudeDelta > 0.008)","invocations":1,"location":null,"numPassingAsserts":1,"retryReasons":[],"status":"passed","title":"should start hidden if initial zoom is low (longitudeDelta > 0.008)"},{"ancestorTitles":["MapView","Highlight Logic"],"duration":1,"failureDetails":[],"failureMessages":[],"fullName":"MapView Highlight Logic should highlight origin building with green color","invocations":1,"location":null,"numPassingAsserts":1,"retryReasons":[],"status":"passed","title":"should highlight origin building with green color"},{"ancestorTitles":["MapView","Highlight Logic"],"duration":1,"failureDetails":[],"failureMessages":[],"fullName":"MapView Highlight Logic should highlight destination building with orange color","invocations":1,"location":null,"numPassingAsserts":1,"retryReasons":[],"status":"passed","title":"should highlight destination building with orange color"},{"ancestorTitles":["MapView","Highlight Logic"],"duration":0,"failureDetails":[],"failureMessages":[],"fullName":"MapView Highlight Logic should highlight current building with blue color","invocations":1,"location":null,"numPassingAsserts":1,"retryReasons":[],"status":"passed","title":"should highlight current building with blue color"},{"ancestorTitles":["MapView","Highlight Logic"],"duration":1,"failureDetails":[],"failureMessages":[],"fullName":"MapView Highlight Logic should use default burgundy color for non-highlighted buildings","invocations":1,"location":null,"numPassingAsserts":1,"retryReasons":[],"status":"passed","title":"should use default burgundy color for non-highlighted buildings"},{"ancestorTitles":["MapView","Highlight Logic"],"duration":0,"failureDetails":[],"failureMessages":[],"fullName":"MapView Highlight Logic should prioritize origin over other highlights","invocations":1,"location":null,"numPassingAsserts":1,"retryReasons":[],"status":"passed","title":"should prioritize origin over other highlights"},{"ancestorTitles":["MapView","Highlight Logic"],"duration":1,"failureDetails":[],"failureMessages":[],"fullName":"MapView Highlight Logic should prioritize destination over current highlight","invocations":1,"location":null,"numPassingAsserts":1,"retryReasons":[],"status":"passed","title":"should prioritize destination over current highlight"},{"ancestorTitles":["MapView","Building Press Interactions"],"duration":0,"failureDetails":[],"failureMessages":[],"fullName":"MapView Building Press Interactions should call onBuildingPress when polygon is pressed","invocations":1,"location":null,"numPassingAsserts":1,"retryReasons":[],"status":"passed","title":"should call onBuildingPress when polygon is pressed"},{"ancestorTitles":["MapView","Building Press Interactions"],"duration":1,"failureDetails":[],"failureMessages":[],"fullName":"MapView Building Press Interactions should call onBuildingPress for MultiPolygon buildings","invocations":1,"location":null,"numPassingAsserts":1,"retryReasons":[],"status":"passed","title":"should call onBuildingPress for MultiPolygon buildings"},{"ancestorTitles":["MapView","Building Press Interactions"],"duration":0,"failureDetails":[],"failureMessages":[],"fullName":"MapView Building Press Interactions should call onBuildingPress when point marker is pressed","invocations":1,"location":null,"numPassingAsserts":1,"retryReasons":[],"status":"passed","title":"should call onBuildingPress when point marker is pressed"},{"ancestorTitles":["MapView","Building Press Interactions"],"duration":1,"failureDetails":[],"failureMessages":[],"fullName":"MapView Building Press Interactions should not crash when onBuildingPress is not provided","invocations":1,"location":null,"numPassingAsserts":1,"retryReasons":[],"status":"passed","title":"should not crash when onBuildingPress is not provided"},{"ancestorTitles":["MapView","Region Management"],"duration":0,"failureDetails":[],"failureMessages":[],"fullName":"MapView Region Management should render with center and zoom props","invocations":1,"location":null,"numPassingAsserts":1,"retryReasons":[],"status":"passed","title":"should render with center and zoom props"},{"ancestorTitles":["MapView","Region Management"],"duration":1,"failureDetails":[],"failureMessages":[],"fullName":"MapView Region Management should re-render when center changes","invocations":1,"location":null,"numPassingAsserts":1,"retryReasons":[],"status":"passed","title":"should re-render when center changes"},{"ancestorTitles":["MapView","Region Management"],"duration":0,"failureDetails":[],"failureMessages":[],"fullName":"MapView Region Management should re-render when zoom changes","invocations":1,"location":null,"numPassingAsserts":1,"retryReasons":[],"status":"passed","title":"should re-render when zoom changes"},{"ancestorTitles":["MapView","Edge Cases"],"duration":0,"failureDetails":[],"failureMessages":[],"fullName":"MapView Edge Cases should handle empty buildings array","invocations":1,"location":null,"numPassingAsserts":1,"retryReasons":[],"status":"passed","title":"should handle empty buildings array"},{"ancestorTitles":["MapView","Edge Cases"],"duration":0,"failureDetails":[],"failureMessages":[],"fullName":"MapView Edge Cases should handle buildings with missing properties","invocations":1,"location":null,"numPassingAsserts":1,"retryReasons":[],"status":"passed","title":"should handle buildings with missing properties"},{"ancestorTitles":["MapView","Edge Cases"],"duration":0,"failureDetails":[],"failureMessages":[],"fullName":"MapView Edge Cases should handle undefined buildings prop","invocations":1,"location":null,"numPassingAsserts":1,"retryReasons":[],"status":"passed","title":"should handle undefined buildings prop"},{"ancestorTitles":["MapView","Edge Cases"],"duration":2,"failureDetails":[],"failureMessages":[],"fullName":"MapView Edge Cases should handle mixed geometry types","invocations":1,"location":null,"numPassingAsserts":3,"retryReasons":[],"status":"passed","title":"should handle mixed geometry types"},{"ancestorTitles":["MapView","Edge Cases"],"duration":1,"failureDetails":[],"failureMessages":[],"fullName":"MapView Edge Cases should render Polyline when routeCoordinates has multiple points","invocations":1,"location":null,"numPassingAsserts":1,"retryReasons":[],"status":"passed","title":"should render Polyline when routeCoordinates has multiple points"},{"ancestorTitles":["MapView","Ref Methods"],"duration":0,"failureDetails":[],"failureMessages":[],"fullName":"MapView Ref Methods should expose animateToRegion via ref","invocations":1,"location":null,"numPassingAsserts":2,"retryReasons":[],"status":"passed","title":"should expose animateToRegion via ref"}],"endTime":1773069251838,"message":"","name":"/Users/nicolekoran/Documents/GitHub/390CampusGuideApp/soen390Project-8/src/components/MapView.test.js","startTime":1773069251774,"status":"passed","summary":""},{"assertionResults":[{"ancestorTitles":["DirectionsPanel"],"duration":16,"failureDetails":[],"failureMessages":[],"fullName":"DirectionsPanel renders distance and duration summary","invocations":1,"location":null,"numPassingAsserts":2,"retryReasons":[],"status":"passed","title":"renders distance and duration summary"},{"ancestorTitles":["DirectionsPanel"],"duration":1,"failureDetails":[],"failureMessages":[],"fullName":"DirectionsPanel calls onClear when the clear button is pressed","invocations":1,"location":null,"numPassingAsserts":1,"retryReasons":[],"status":"passed","title":"calls onClear when the clear button is pressed"},{"ancestorTitles":["DirectionsPanel"],"duration":1,"failureDetails":[],"failur
[...]
e":"shuttleInfo data SHUTTLE_STOPS contains exactly SGW and Loyola stops with correct data shapes","invocations":1,"location":null,"numPassingAsserts":5,"retryReasons":[],"status":"passed","title":"contains exactly SGW and Loyola stops with correct data shapes"},{"ancestorTitles":["shuttleInfo data","SHUTTLE_STOPS"],"duration":0,"failureDetails":[],"failureMessages":[],"fullName":"shuttleInfo data SHUTTLE_STOPS does not contain unknown keys","invocations":1,"location":null,"numPassingAsserts":1,"retryReasons":[],"status":"passed","title":"does not contain unknown keys"},{"ancestorTitles":["shuttleInfo data","SHUTTLE_SCHEDULES"],"duration":0,"failureDetails":[],"failureMessages":[],"fullName":"shuttleInfo data SHUTTLE_SCHEDULES contains MON_THU and FRIDAY schedules only","invocations":1,"location":null,"numPassingAsserts":2,"retryReasons":[],"status":"passed","title":"contains MON_THU and FRIDAY schedules only"},{"ancestorTitles":["shuttleInfo data","SHUTTLE_SCHEDULES"],"duration":1,"failureDetails":[],"failureMessages":[],"fullName":"shuttleInfo data SHUTTLE_SCHEDULES contains bilateral routes for each schedule","invocations":1,"location":null,"numPassingAsserts":4,"retryReasons":[],"status":"passed","title":"contains bilateral routes for each schedule"},{"ancestorTitles":["shuttleInfo data","SHUTTLE_SCHEDULES"],"duration":0,"failureDetails":[],"failureMessages":[],"fullName":"shuttleInfo data SHUTTLE_SCHEDULES has valid travel times and ordered arrays","invocations":1,"location":null,"numPassingAsserts":4,"retryReasons":[],"status":"passed","title":"has valid travel times and ordered arrays"},{"ancestorTitles":["shuttleInfo data","SHUTTLE_SERVICE_INFO"],"duration":0,"failureDetails":[],"failureMessages":[],"fullName":"shuttleInfo data SHUTTLE_SERVICE_INFO contains shuttle service metadata","invocations":1,"location":null,"numPassingAsserts":4,"retryReasons":[],"status":"passed","title":"contains shuttle service metadata"}],"endTime":1773069252217,"message":"","name":"/Users/nicolekoran/Documents/GitHub/390CampusGuideApp/soen390Project-8/src/data/shuttleInfo.test.js","startTime":1773069252196,"status":"passed","summary":""},{"assertionResults":[{"ancestorTitles":["shuttle api","isShuttleOperating"],"duration":1,"failureDetails":[],"failureMessages":[],"fullName":"shuttle api isShuttleOperating returns true for a Monday","invocations":1,"location":null,"numPassingAsserts":1,"retryReasons":[],"status":"passed","title":"returns true for a Monday"},{"ancestorTitles":["shuttle api","isShuttleOperating"],"duration":0,"failureDetails":[],"failureMessages":[],"fullName":"shuttle api isShuttleOperating returns true for a Friday","invocations":1,"location":null,"numPassingAsserts":1,"retryReasons":[],"status":"passed","title":"returns true for a Friday"},{"ancestorTitles":["shuttle api","isShuttleOperating"],"duration":0,"failureDetails":[],"failureMessages":[],"fullName":"shuttle api isShuttleOperating returns false for a Saturday","invocations":1,"location":null,"numPassingAsserts":1,"retryReasons":[],"status":"passed","title":"returns false for a Saturday"},{"ancestorTitles":["shuttle api","isShuttleOperating"],"duration":0,"failureDetails":[],"failureMessages":[],"fullName":"shuttle api isShuttleOperating returns false for a Sunday","invocations":1,"location":null,"numPassingAsserts":1,"retryReasons":[],"status":"passed","title":"returns false for a Sunday"},{"ancestorTitles":["shuttle api","getShuttleStop"],"duration":1,"failureDetails":[],"failureMessages":[],"fullName":"shuttle api getShuttleStop returns stop info for SGW","invocations":1,"location":null,"numPassingAsserts":1,"retryReasons":[],"status":"passed","title":"returns stop info for SGW"},{"ancestorTitles":["shuttle api","getShuttleStop"],"duration":0,"failureDetails":[],"failureMessages":[],"fullName":"shuttle api getShuttleStop returns stop info for LOY","invocations":1,"location":null,"numPassingAsserts":1,"retryReasons":[],"status":"passed","title":"returns stop info for LOY"},{"ancestorTitles":["shuttle api","getShuttleStop"],"duration":0,"failureDetails":[],"failureMessages":[],"fullName":"shuttle api getShuttleStop returns null for unknown campus","invocations":1,"location":null,"numPassingAsserts":2,"retryReasons":[],"status":"passed","title":"returns null for unknown campus"},{"ancestorTitles":["shuttle api","getNextDepartures"],"duration":0,"failureDetails":[],"failureMessages":[],"fullName":"shuttle api getNextDepartures returns upcoming departures for a given valid morning time on SGW","invocations":1,"location":null,"numPassingAsserts":4,"retryReasons":[],"status":"passed","title":"returns upcoming departures for a given valid morning time on SGW"},{"ancestorTitles":["shuttle api","getNextDepartures"],"duration":0,"failureDetails":[],"failureMessages":[],"fullName":"shuttle api getNextDepartures returns correct upcoming departures for Friday schedule","invocations":1,"location":null,"numPassingAsserts":3,"retryReasons":[],"status":"passed","title":"returns correct upcoming departures for Friday schedule"},{"ancestorTitles":["shuttle api","getNextDepartures"],"duration":0,"failureDetails":[],"failureMessages":[],"fullName":"shuttle api getNextDepartures returns empty array when past the last bus of the day","invocations":1,"location":null,"numPassingAsserts":1,"retryReasons":[],"status":"passed","title":"returns empty array when past the last bus of the day"},{"ancestorTitles":["shuttle api","getNextDepartures"],"duration":0,"failureDetails":[],"failureMessages":[],"fullName":"shuttle api getNextDepartures returns empty array on weekends","invocations":1,"location":null,"numPassingAsserts":1,"retryReasons":[],"status":"passed","title":"returns empty array on weekends"},{"ancestorTitles":["shuttle api","getNextDepartures"],"duration":1,"failureDetails":[],"failureMessages":[],"fullName":"shuttle api getNextDepartures computes arrival times properly according to travel time","invocations":1,"location":null,"numPassingAsserts":2,"retryReasons":[],"status":"passed","title":"computes arrival times properly according to travel time"},{"ancestorTitles":["shuttle api","getNextDepartures"],"duration":0,"failureDetails":[],"failureMessages":[],"fullName":"shuttle api getNextDepartures parses the isLastBus asterisk correctly","invocations":1,"location":null,"numPassingAsserts":2,"retryReasons":[],"status":"passed","title":"parses the isLastBus asterisk correctly"},{"ancestorTitles":["shuttle api","getNextDeparture"],"duration":0,"failureDetails":[],"failureMessages":[],"fullName":"shuttle api getNextDeparture returns single next departure","invocations":1,"location":null,"numPassingAsserts":2,"retryReasons":[],"status":"passed","title":"returns single next departure"},{"ancestorTitles":["shuttle api","getNextDeparture"],"duration":0,"failureDetails":[],"failureMessages":[],"fullName":"shuttle api getNextDeparture returns null if there are no more departures","invocations":1,"location":null,"numPassingAsserts":1,"retryReasons":[],"status":"passed","title":"returns null if there are no more departures"}],"endTime":1773069252247,"message":"","name":"/Users/nicolekoran/Documents/GitHub/390CampusGuideApp/soen390Project-8/src/services/api/shuttle.test.js","startTime":1773069252219,"status":"passed","summary":""},{"assertionResults":[{"ancestorTitles":["campuses API","getCampuses"],"duration":1,"failureDetails":[],"failureMessages":[],"fullName":"campuses API getCampuses should return an array of campuses","invocations":1,"location":null,"numPassingAsserts":2,"retryReasons":[],"status":"passed","title":"should return an array of campuses"},{"ancestorTitles":["campuses API","getCampuses"],"duration":0,"failureDetails":[],"failureMessages":[],"fullName":"campuses API getCampuses should return campuses with required properties","invocations":1,"location":null,"numPassingAsserts":5,"retryReasons":[],"status":"passed","title":"should return campuses with required properties"},{"ancestorTitles":["campuses API","getCampuses"],"duration":0,"failureDetails":[],"failureMessages":[],"fullName":"campuses API getCampuses should include both SGW and LOY campuses","invocations":1,"location":null,"numPassingAsserts":2,"retryReasons":[],"status":"passed","title":"should include both SGW and LOY campuses"},{"ancestorTitles":["campuses API","getCampusById"],"duration":0,"failureDetails":[],"failureMessages":[],"fullName":"campuses API getCampusById should return SGW campus when given SGW id","invocations":1,"location":null,"numPassingAsserts":4,"retryReasons":[],"status":"passed","title":"should return SGW campus when given SGW id"},{"ancestorTitles":["campuses API","getCampusById"],"duration":0,"failureDetails":[],"failureMessages":[],"fullName":"campuses API getCampusById should return LOY campus when given LOY id","invocations":1,"location":null,"numPassingAsserts":4,"retryReasons":[],"status":"passed","title":"should return LOY campus when given LOY id"},{"ancestorTitles":["campuses API","getCampusById"],"duration":1,"failureDetails":[],"failureMessages":[],"fullName":"campuses API getCampusById should return undefined for non-existent campus id","invocations":1,"location":null,"numPassingAsserts":1,"retryReasons":[],"status":"passed","title":"should return undefined for non-existent campus id"},{"ancestorTitles":["campuses API","getCampusById"],"duration":0,"failureDetails":[],"failureMessages":[],"fullName":"campuses API getCampusById should return different campuses for different ids","invocations":1,"location":null,"numPassingAsserts":2,"retryReasons":[],"status":"passed","title":"should return different campuses for different ids"}],"endTime":1773069252270,"message":"","name":"/Users/nicolekoran/Documents/GitHub/390CampusGuideApp/soen390Project-8/src/services/api/campuses.test.js","startTime":1773069252249,"status":"passed","summary":""},{"assertionResults":[{"ancestorTitles":["geolocation utilities","pointInRing"],"duration":1,"failureDetails":[],"failureMessages":[],"fullName":"geolocation utilities pointInRing should return true for point inside a simple square","invocations":1,"location":null,"numPassingAsserts":1,"retryReasons":[],"status":"passed","title":"should return true for point inside a simple square"},{"ancestorTitles":["geolocation utilities","pointInRing"],"duration":0,"failureDetails":[],"failureMessages":[],"fullName":"geolocation utilities pointInRing should return false for point outside a simple square","invocations":1,"location":null,"numPassingAsserts":1,"retryReasons":[],"status":"passed","title":"should return false for point outside a simple square"},{"ancestorTitles":["geolocation utilities","pointInPolygonFeature"],"duration":0,"failureDetails":[],"failureMessages":[],"fullName":"geolocation utilities pointInPolygonFeature should return true for point inside a Polygon feature","invocations":1,"location":null,"numPassingAsserts":1,"retryReasons":[],"status":"passed","title":"should return true for point inside a Polygon feature"},{"ancestorTitles":["geolocation utilities","pointInPolygonFeature"],"duration":0,"failureDetails":[],"failureMessages":[],"fullName":"geolocation utilities pointInPolygonFeature should return false for point outside a Polygon feature","invocations":1,"location":null,"numPassingAsserts":1,"retryReasons":[],"status":"passed","title":"should return false for point outside a Polygon feature"},{"ancestorTitles":["geolocation utilities","pointInPolygonFeature"],"duration":0,"failureDetails":[],"failureMessages":[],"fullName":"geolocation utilities pointInPolygonFeature should return false for point in a hole of a Polygon","invocations":1,"location":null,"numPassingAsserts":1,"retryReasons":[],"status":"passed","title":"should return false for point in a hole of a Polygon"},{"ancestorTitles":["geolocation utilities","pointInPolygonFeature"],"duration":0,"failureDetails":[],"failureMessages":[],"fullName":"geolocation utilities pointInPolygonFeature should return true for point inside a MultiPolygon feature","invocations":1,"location":null,"numPassingAsserts":1,"retryReasons":[],"status":"passed","title":"should return true for point inside a MultiPolygon feature"},{"ancestorTitles":["geolocation utilities","pointInPolygonFeature"],"duration":0,"failureDetails":[],"failureMessages":[],"fullName":"geolocation utilities pointInPolygonFeature should return false for point outside all polygons in MultiPolygon","invocations":1,"location":null,"numPassingAsserts":1,"retryReasons":[],"status":"passed","title":"should return false for point outside all polygons in MultiPolygon"},{"ancestorTitles":["geolocation utilities","pointInPolygonFeature"],"duration":0,"failureDetails":[],"failureMessages":[],"fullName":"geolocation utilities pointInPolygonFeature should return false for invalid feature with no geometry","invocations":1,"location":null,"numPassingAsserts":1,"retryReasons":[],"status":"passed","title":"should return false for invalid feature with no geometry"},{"ancestorTitles":["geolocation utilities","pointInPolygonFeature"],"duration":0,"failureDetails":[],"failureMessages":[],"fullName":"geolocation utilities pointInPolygonFeature should return false for feature with unsupported geometry type","invocations":1,"location":null,"numPassingAsserts":1,"retryReasons":[],"status":"passed","title":"should return false for feature with unsupported geometry type"},{"ancestorTitles":["geolocation utilities","pointInPolygonFeature"],"duration":0,"failureDetails":[],"failureMessages":[],"fullName":"geolocation utilities pointInPolygonFeature should return false for point in hole of MultiPolygon (lines 48-50)","invocations":1,"location":null,"numPassingAsserts":1,"retryReasons":[],"status":"passed","title":"should return false for point in hole of MultiPolygon (lines 48-50)"},{"ancestorTitles":["geolocation utilities","pointInPolygonFeature"],"duration":0,"failureDetails":[],"failureMessages":[],"fullName":"geolocation utilities pointInPolygonFeature should return true for point in MultiPolygon outer ring but not in hole","invocations":1,"location":null,"numPassingAsserts":1,"retryReasons":[],"status":"passed","title":"should return true for point in MultiPolygon outer ring but not in hole"},{"ancestorTitles":["geolocation utilities","pointInPolygonFeature"],"duration":0,"failureDetails":[],"failureMessages":[],"fullName":"geolocation utilities pointInPolygonFeature should return false for Polygon with empty coordinates","invocations":1,"location":null,"numPassingAsserts":1,"retryReasons":[],"status":"passed","title":"should return false for Polygon with empty coordinates"},{"ancestorTitles":["geolocation utilities","pointInPolygonFeature"],"duration":0,"failureDetails":[],"failureMessages":[],"fullName":"geolocation utilities pointInPolygonFeature should return false for MultiPolygon with empty polygon coordinates","invocations":1,"location":null,"numPassingAsserts":1,"retryReasons":[],"status":"passed","title":"should return false for MultiPolygon with empty polygon coordinates"},{"ancestorTitles":["geolocation utilities","pointInPolygonFeature"],"duration":0,"failureDetails":[],"failureMessages":[],"fullName":"geolocation utilities pointInPolygonFeature should return true for Polygon with hole when point is exterior to hole","invocations":1,"location":null,"numPassingAsserts":1,"retryReasons":[],"status":"passed","title":"should return true for Polygon with hole when point is exterior to hole"},{"ancestorTitles":["geolocation utilities","getBuildingId"],"duration":0,"failureDetails":[],"failureMessages":[],"fullName":"geolocation utilities getBuildingId should return building ID from feature properties","invocations":1,"location":null,"numPassingAsserts":1,"retryReasons":[],"status":"passed","title":"should return building ID from feature properties"},{"ancestorTitles":["geolocation utilities","getBuildingId"],"duration":0,"failureDetails":[],"failureMessages":[],"fullName":"geolocation utilities getBuildingId should return null for feature without properties","invocations":1,"location":null,"numPassingAsserts":1,"retryReasons":[],"status":"passed","title":"should return null for feature without properties"},{"ancestorTitles":["geolocation utilities","getBuildingId"],"duration":0,"failureDetails":[],"failureMessages":[],"fullName":"geolocation utilities getBuildingId should return null for feature without id property","invocations":1,"location":null,"numPassingAsserts":1,"retryReasons":[],"status":"passed","title":"should return null for feature without id property"},{"ancestorTitles":["geolocation utilities","getBuildingId"],"duration":0,"failureDetails":[],"failureMessages":[],"fullName":"geolocation utilities getBuildingId should return null for null feature","invocations":1,"location":null,"numPassingAsserts":1,"retryReasons":[],"status":"passed","title":"should return null for null feature"}],"endTime":1773069252296,"message":"","name":"/Users/nicolekoran/Documents/GitHub/390CampusGuideApp/soen390Project-8/src/utils/geolocation.test.js","startTime":1773069252273,"status":"passed","summary":""},{"assertionResults":[{"ancestorTitles":["buildCampusBuildings"],"duration":0,"failureDetails":[],"failureMessages":[],"fullName":"buildCampusBuildings returns an empty array when given no features","invocations":1,"location":null,"numPassingAsserts":1,"retryReasons":[],"status":"passed","title":"returns an empty array when given no features"},{"ancestorTitles":["buildCampusBuildings"],"duration":0,"failureDetails":[],"failureMessages":[],"fullName":"buildCampusBuildings deduplicates features with the same id","invocations":1,"location":null,"numPassingAsserts":2,"retryReasons":[],"status":"passed","title":"deduplicates features with the same id"},{"ancestorTitles":["buildCampusBuildings"],"duration":1,"failureDetails":[],"failureMessages":[],"fullName":"buildCampusBuildings sorts buildings alphabetically by name","invocations":1,"location":null,"numPassingAsserts":1,"retryReasons":[],"status":"passed","title":"sorts buildings alphabetically by name"},{"ancestorTitles":["buildCampusBuildings"],"duration":1,"failureDetails":[],"failureMessages":[],"fullName":"buildCampusBuildings uses feature properties first (name, code)","invocations":1,"location":null,"numPassingAsserts":1,"retryReasons":[],"status":"passed","title":"uses feature properties first (name, code)"},{"ancestorTitles":["buildCampusBuildings"],"duration":0,"failureDetails":[],"failureMessages":[],"fullName":"buildCampusBuildings falls back to getBuildingInfo when feature properties are missing","invocations":1,"location":null,"numPassingAsserts":1,"retryReasons":[],"status":"passed","title":"falls back to getBuildingInfo when feature properties are missing"},{"ancestorTitles":["buildCampusBuildings"],"duration":0,"failureDetails":[],"failureMessages":[],"fullName":"buildCampusBuildings falls back to id when both feature props and buildingInfo are missing","invocations":1,"location":null,"numPassingAsserts":1,"retryReasons":[],"status":"passed","title":"falls back to id when both feature props and buildingInfo are missing"},{"ancestorTitles":["buildCampusBuildings"],"duration":0,"failureDetails":[],"failureMessages":[],"fullName":"buildCampusBuildings skips features without an id","invocations":1,"location":null,"numPassingAsserts":2,"retryReasons":[],"status":"passed","title":"skips features without an id"},{"ancestorTitles":["buildCampusBuildings"],"duration":0,"failureDetails":[],"failureMessages":[],"fullName":"buildCampusBuildings handles features with missing or null properties gracefully","invocations":1,"location":null,"numPassingAsserts":2,"retryReasons":[],"status":"passed","title":"handles features with missing or null properties gracefully"}],"endTime":1773069252321,"message":"","name":"/Users/nicolekoran/Documents/GitHub/390CampusGuideApp/soen390Project-8/src/utils/buildingHelpers.test.js","startTime":1773069252298,"status":"passed","summary":""}],"wasInterrupted":false}
